---
  0 debug pnpm:scope: 
    selected: 1
    workspacePrefix: null
  1 info pnpm: 
    message: "A store server is running. All store manipulations are delegated to it."
    prefix: "/app"
  2 debug pnpm:package-json: 
    initial: 
      name: "hello-express"
      version: "1.0.0"
      description: "Xeon Sunucu Hizmetleri"
      main: "Xeon.js"
      scripts: 
        watch: "nodemon Xeon.js"
        start: "node Xeon.js"
      dependencies: 
        canvacord: "^5.0.7"
        canvas: "^2.7.0"
        canvas-constructor: "^4.1.0"
        canvas-node: "^0.3.23"
        chalk: "^4.1.0"
        common-tags: "^1.8.0"
        dabi-images: "^2.7.5"
        dctr-antispam.js: "^0.1.1"
        discord-logs: "^1.7.7"
        discord.js: "^12.5.1"
        fs: "0.0.1-security"
        funny-words: "^0.1.2"
        hastebin-gen: "^2.0.5"
        humanize-duration: "^3.25.1"
        lowdb: "^1.0.0"
        mathjs: "^7.5.1"
        moment: "^2.29.1"
        moment-duration-format: "^2.3.2"
        ms: "^2.1.3"
        node-superfetch: "^0.1.11"
        nodme: "^13.2.1"
        nsfwjs: "^2.2.0"
        quick.db: "^7.1.3"
        simple-youtube-api: "^5.2.1"
        snekfetch: "^4.0.4"
        x: "^0.1.2"
        ytdl-core: "^4.5.0"
      engines: 
        node: "12.x"
      license: "MIT"
      keywords: 
        - "Lord Creative"
        - "Lord Creative#0001"
      devDependencies: 
        nodemon: "^2.0.4"
      readme: "# xeon"
      readmeFilename: "README.md"
      gitHead: "8502b5d50d754762c19927e9b04e05d4268886b8"
      _id: "hello-express@1.0.0"
    prefix: "/app"
  3 warn pnpm: 
    message: "Moving nodemon that was installed by a different package manager to \"node_modules/.ignored"
    prefix: "/app"
  4 error pnpm: 
    message: 
      errno: -39
      code: "ENOTEMPTY"
      syscall: "rename"
      path: "/rbd/pnpm-volume/baf9e7ab-71c5-4209-8d0e-43b7f4725c1c/node_modules/nodemon"
      dest: "/rbd/pnpm-volume/baf9e7ab-71c5-4209-8d0e-43b7f4725c1c/node_modules/.ignored/nodemon"
    err: 
      name: "Error"
      message: "ENOTEMPTY: directory not empty, rename '/rbd/pnpm-volume/baf9e7ab-71c5-4209-8d0e-43b7f4725c1c/node_modules/nodemon' -> '/rbd/pnpm-volume/baf9e7ab-71c5-4209-8d0e-43b7f4725c1c/node_modules/.ignored/nodemon'"
      code: "ENOTEMPTY"
      stack: "Error: ENOTEMPTY: directory not empty, rename '/rbd/pnpm-volume/baf9e7ab-71c5-4209-8d0e-43b7f4725c1c/node_modules/nodemon' -> '/rbd/pnpm-volume/baf9e7ab-71c5-4209-8d0e-43b7f4725c1c/node_modules/.ignored/nodemon'"
